nohup: ignoring input
Starting the Google Drive change listener...
Authenticating...
Loaded existing credentials.
Start page token: 5328007
Fetching changes...
No changes found.
Sleeping for 10 seconds...
Fetching changes...
2 change(s) detected.
Detected change - File ID: 1uCrAQF80t4PRlHN02od3yfLNP6gMHaZ6EkU_k_VMXh4, File Name: 2023 de Data Balances agées – 15 décembre 2023 à 13:37, Parents: ['1O7OmpisZYgCsEJ2IMtlat-_jIcRVh_zX']
File 2023 de Data Balances agées – 15 décembre 2023 à 13:37 is not in the specified folder. Skipping...
Detected change - File ID: 1mdPNliTfmeqidKrQs3u7ppsHKZ9HBxjg, File Name: Amazon_Invoice_5800733049.pdf, Parents: ['1S8BBMU1D2YvLDAxs8vj7VRKvjOrt77ik']
File Amazon_Invoice_5800733049.pdf is not in the specified folder. Skipping...
Sleeping for 10 seconds...
Fetching changes...
1 change(s) detected.
Detected change - File ID: 120LjzVjgEWjDTGetHniaAu5I8-wjp6wxmW87H_jG3h8, File Name: XXXData Balances agées – 9 février à 13:21, Parents: ['1O7OmpisZYgCsEJ2IMtlat-_jIcRVh_zX']
File XXXData Balances agées – 9 février à 13:21 is not in the specified folder. Skipping...
Sleeping for 10 seconds...
Fetching changes...
No changes found.
Sleeping for 10 seconds...
Fetching changes...
3 change(s) detected.
Detected change - File ID: 1o4-HY3W7kUns-9mHimgJjLITZYNqIyk_, File Name: b2p BE_Comptes de regul 2024.xlsx, Parents: ['1226q2q5ItcH85V2j_6dbz3Zbv4ixBTGa']
File b2p BE_Comptes de regul 2024.xlsx is not in the specified folder. Skipping...
Detected change - File ID: 1u5NHcsCvtquhTegY5fad7Pg6Lilg2I_BMo1W6_eOMQ8, File Name: MKKM Revenue Forecast 2024, Parents: ['1FNq1ObJVhSlX-mielQtj399LrEo4hCIk']
File MKKM Revenue Forecast 2024 is not in the specified folder. Skipping...
Detected change - File ID: 1SsHIv0ok2Z1H_MjJ9BEWlJy2uK4G3UQCIHuRlt9sUjU, File Name: Data Balances agées, Parents: ['1O7OmpisZYgCsEJ2IMtlat-_jIcRVh_zX']
File Data Balances agées is not in the specified folder. Skipping...
Sleeping for 10 seconds...
Fetching changes...
1 change(s) detected.
Detected change - File ID: 1h0CVua__pRKE358cf80wYUUr1zabuTGs, File Name: Amazon_Invoice_5800733050.pdf, Parents: ['1S8BBMU1D2YvLDAxs8vj7VRKvjOrt77ik']
File Amazon_Invoice_5800733050.pdf is not in the specified folder. Skipping...
Sleeping for 10 seconds...
Fetching changes...
1 change(s) detected.
Detected change - File ID: 1UwrKuKICHBCE_xEgh2272fS0IkAJZhAP, File Name: Amazon_Invoice_5801432147.pdf, Parents: ['1S8BBMU1D2YvLDAxs8vj7VRKvjOrt77ik']
File Amazon_Invoice_5801432147.pdf is not in the specified folder. Skipping...
Sleeping for 10 seconds...
Fetching changes...
No changes found.
Sleeping for 10 seconds...
Fetching changes...
1 change(s) detected.
Detected change - File ID: 15rZgX-lOaO4z-HFDOXAvCS5eyAZQ-nicx1LaKCp3sXs, File Name: Payroll BE 2024, Parents: ['1FNq1ObJVhSlX-mielQtj399LrEo4hCIk']
File Payroll BE 2024 is not in the specified folder. Skipping...
Sleeping for 10 seconds...
Fetching changes...
1 change(s) detected.
Detected change - File ID: 1mtlYU4d5qesNUpKyP54l0E1E89HBVExS, File Name: Amazon_Invoice_5801432148.pdf, Parents: ['1S8BBMU1D2YvLDAxs8vj7VRKvjOrt77ik']
File Amazon_Invoice_5801432148.pdf is not in the specified folder. Skipping...
Sleeping for 10 seconds...
Fetching changes...
1 change(s) detected.
Detected change - File ID: 15rZgX-lOaO4z-HFDOXAvCS5eyAZQ-nicx1LaKCp3sXs, File Name: Payroll BE 2024, Parents: ['1FNq1ObJVhSlX-mielQtj399LrEo4hCIk']
File Payroll BE 2024 is not in the specified folder. Skipping...
Sleeping for 10 seconds...
Fetching changes...
No changes found.
Sleeping for 10 seconds...
Fetching changes...
2 change(s) detected.
Detected change - File ID: 146fOA9qjASS56-UIZH9_TJLDKYLu_2Gx, File Name: Smartelia MU - GL au 300624.xlsx, Parents: ['15PSgFGPGPC0YU4FGHg6Vfz361QnTRgf7']
File Smartelia MU - GL au 300624.xlsx is not in the specified folder. Skipping...
Detected change - File ID: 1UwrKuKICHBCE_xEgh2272fS0IkAJZhAP, File Name: Amazon_Invoice_5801432147.pdf, Parents: ['1S8BBMU1D2YvLDAxs8vj7VRKvjOrt77ik']
File Amazon_Invoice_5801432147.pdf is not in the specified folder. Skipping...
Sleeping for 10 seconds...
Fetching changes...
1 change(s) detected.
Detected change - File ID: 107EYHf2OTFg3KkkY6IYf5Szh0zi6ZOcT, File Name: Amazon_Invoice_3324002665.pdf, Parents: ['1S8BBMU1D2YvLDAxs8vj7VRKvjOrt77ik']
File Amazon_Invoice_3324002665.pdf is not in the specified folder. Skipping...
Sleeping for 10 seconds...
Fetching changes...
1 change(s) detected.
Detected change - File ID: 1OBkj3ZghC-izA4bIeGbSoT6ILNjqgDswn2ap_guRVFs, File Name: Team&Targets EU 2024, Parents: ['1DmJcRIXsVgxB0qPXskj6fiv6Y-su9KGL']
File Team&Targets EU 2024 is not in the specified folder. Skipping...
Sleeping for 10 seconds...
Fetching changes...
1 change(s) detected.
Detected change - File ID: 1mtlYU4d5qesNUpKyP54l0E1E89HBVExS, File Name: Amazon_Invoice_5801432148.pdf, Parents: ['1S8BBMU1D2YvLDAxs8vj7VRKvjOrt77ik']
File Amazon_Invoice_5801432148.pdf is not in the specified folder. Skipping...
Sleeping for 10 seconds...
Fetching changes...
1 change(s) detected.
Detected change - File ID: 1PdXcWTMzGhFmjH1jhuoCy-cIOClQJWH_KgQLCg6asXQ, File Name: Haier Wave 1_2024 - Campaign Briefing_Tactical Plan, Parents: ['1HRa7Sz9G-7EP6fRK8GDkH6dmJbemsYLt']
File Haier Wave 1_2024 - Campaign Briefing_Tactical Plan is not in the specified folder. Skipping...
Sleeping for 10 seconds...
Fetching changes...
2 change(s) detected.
Detected change - File ID: 1Cr-s5Bu0of9VWZ9MRdI3byVvY6-op7wm, File Name: Amazon_Invoice_5800685600.pdf, Parents: ['1S8BBMU1D2YvLDAxs8vj7VRKvjOrt77ik']
File Amazon_Invoice_5800685600.pdf is not in the specified folder. Skipping...
Detected change - File ID: 1L3ZzHfa6n8AaZLxRMTdVsY0LOwkOVaOCkF7xTk4V4FM, File Name: Orbit Target 2024, Parents: ['151OW0Bg7A6sAHgdzLvTbfu2ek9twbNTq']
File Orbit Target 2024 is not in the specified folder. Skipping...
Sleeping for 10 seconds...
Fetching changes...
No changes found.
Sleeping for 10 seconds...
Fetching changes...
2 change(s) detected.
Detected change - File ID: 1p3XJaKTeq8VOtfwcyuu_yrV43E1BonUdZWF-NzrykM0, File Name: Smartelia MU - GL au 300624 (2), Parents: ['15PSgFGPGPC0YU4FGHg6Vfz361QnTRgf7']
File Smartelia MU - GL au 300624 (2) is not in the specified folder. Skipping...
Detected change - File ID: 107EYHf2OTFg3KkkY6IYf5Szh0zi6ZOcT, File Name: Amazon_Invoice_3324002665.pdf, Parents: ['1S8BBMU1D2YvLDAxs8vj7VRKvjOrt77ik']
File Amazon_Invoice_3324002665.pdf is not in the specified folder. Skipping...
Sleeping for 10 seconds...
Fetching changes...
1 change(s) detected.
Detected change - File ID: 1ig9eDQKFeddtWFUguWUvpBjZxdXcRmlk, File Name: Amazon_Invoice_5800698990.pdf, Parents: ['1S8BBMU1D2YvLDAxs8vj7VRKvjOrt77ik']
File Amazon_Invoice_5800698990.pdf is not in the specified folder. Skipping...
Sleeping for 10 seconds...
Fetching changes...
No changes found.
Sleeping for 10 seconds...
Fetching changes...
1 change(s) detected.
Detected change - File ID: 1SsHIv0ok2Z1H_MjJ9BEWlJy2uK4G3UQCIHuRlt9sUjU, File Name: Data Balances agées, Parents: ['1O7OmpisZYgCsEJ2IMtlat-_jIcRVh_zX']
File Data Balances agées is not in the specified folder. Skipping...
Sleeping for 10 seconds...
Fetching changes...
2 change(s) detected.
Detected change - File ID: 1Cr-s5Bu0of9VWZ9MRdI3byVvY6-op7wm, File Name: Amazon_Invoice_5800685600.pdf, Parents: ['1S8BBMU1D2YvLDAxs8vj7VRKvjOrt77ik']
File Amazon_Invoice_5800685600.pdf is not in the specified folder. Skipping...
Detected change - File ID: 1c1Bo6B3nXlRycY4yJnClp6-h0ERtMrNUitnXZUOngVo, File Name: GL SM MU - Juin 2024 (For Check IC), Parents: ['1EQdDPK6RmDSx9HA8y5jjZSZtMUPsC0Ty']
File GL SM MU - Juin 2024 (For Check IC) is not in the specified folder. Skipping...
Sleeping for 10 seconds...
Fetching changes...
1 change(s) detected.
Detected change - File ID: 1JDNyvVlo6fnUzp5jeUqxsj8bmjLJAV8i, File Name: Amazon_Invoice_5800698991.pdf, Parents: ['1S8BBMU1D2YvLDAxs8vj7VRKvjOrt77ik']
File Amazon_Invoice_5800698991.pdf is not in the specified folder. Skipping...
Sleeping for 10 seconds...
Fetching changes...
No changes found.
Sleeping for 10 seconds...
Fetching changes...
1 change(s) detected.
Detected change - File ID: 1ig9eDQKFeddtWFUguWUvpBjZxdXcRmlk, File Name: Amazon_Invoice_5800698990.pdf, Parents: ['1S8BBMU1D2YvLDAxs8vj7VRKvjOrt77ik']
File Amazon_Invoice_5800698990.pdf is not in the specified folder. Skipping...
Sleeping for 10 seconds...
Fetching changes...
No changes found.
Sleeping for 10 seconds...
Fetching changes...
No changes found.
Sleeping for 10 seconds...
Fetching changes...
2 change(s) detected.
Detected change - File ID: 1JDNyvVlo6fnUzp5jeUqxsj8bmjLJAV8i, File Name: Amazon_Invoice_5800698991.pdf, Parents: ['1S8BBMU1D2YvLDAxs8vj7VRKvjOrt77ik']
File Amazon_Invoice_5800698991.pdf is not in the specified folder. Skipping...
Detected change - File ID: 146fOA9qjASS56-UIZH9_TJLDKYLu_2Gx, File Name: Smartelia MU - GL au 300624.xlsx, Parents: ['15PSgFGPGPC0YU4FGHg6Vfz361QnTRgf7']
File Smartelia MU - GL au 300624.xlsx is not in the specified folder. Skipping...
Sleeping for 10 seconds...
Fetching changes...
1 change(s) detected.
Detected change - File ID: 1r0V--PTWZAmSUSgR3OhBU6RL7mLUudrl, File Name: Amazon_Invoice_3324002885.pdf, Parents: ['1S8BBMU1D2YvLDAxs8vj7VRKvjOrt77ik']
File Amazon_Invoice_3324002885.pdf is not in the specified folder. Skipping...
Sleeping for 10 seconds...
Fetching changes...
1 change(s) detected.
Detected change - File ID: 1p3XJaKTeq8VOtfwcyuu_yrV43E1BonUdZWF-NzrykM0, File Name: Smartelia MU - GL au 300624 (2), Parents: ['15PSgFGPGPC0YU4FGHg6Vfz361QnTRgf7']
File Smartelia MU - GL au 300624 (2) is not in the specified folder. Skipping...
Sleeping for 10 seconds...
Fetching changes...
1 change(s) detected.
Detected change - File ID: 1L3ZzHfa6n8AaZLxRMTdVsY0LOwkOVaOCkF7xTk4V4FM, File Name: Orbit Target 2024, Parents: ['151OW0Bg7A6sAHgdzLvTbfu2ek9twbNTq']
File Orbit Target 2024 is not in the specified folder. Skipping...
Sleeping for 10 seconds...
Fetching changes...
1 change(s) detected.
Detected change - File ID: 1PdXcWTMzGhFmjH1jhuoCy-cIOClQJWH_KgQLCg6asXQ, File Name: Haier Wave 1_2024 - Campaign Briefing_Tactical Plan, Parents: ['1HRa7Sz9G-7EP6fRK8GDkH6dmJbemsYLt']
File Haier Wave 1_2024 - Campaign Briefing_Tactical Plan is not in the specified folder. Skipping...
Sleeping for 10 seconds...
Fetching changes...
No changes found.
Sleeping for 10 seconds...
Fetching changes...
1 change(s) detected.
Detected change - File ID: 1r0V--PTWZAmSUSgR3OhBU6RL7mLUudrl, File Name: Amazon_Invoice_3324002885.pdf, Parents: ['1S8BBMU1D2YvLDAxs8vj7VRKvjOrt77ik']
File Amazon_Invoice_3324002885.pdf is not in the specified folder. Skipping...
Sleeping for 10 seconds...
Fetching changes...
1 change(s) detected.
Detected change - File ID: 1SsHIv0ok2Z1H_MjJ9BEWlJy2uK4G3UQCIHuRlt9sUjU, File Name: Data Balances agées, Parents: ['1O7OmpisZYgCsEJ2IMtlat-_jIcRVh_zX']
File Data Balances agées is not in the specified folder. Skipping...
Sleeping for 10 seconds...
Fetching changes...
No changes found.
Sleeping for 10 seconds...
Fetching changes...
No changes found.
Sleeping for 10 seconds...
Fetching changes...
1 change(s) detected.
Detected change - File ID: 1c1Bo6B3nXlRycY4yJnClp6-h0ERtMrNUitnXZUOngVo, File Name: GL SM MU - Juin 2024 (For Check IC), Parents: ['1EQdDPK6RmDSx9HA8y5jjZSZtMUPsC0Ty']
File GL SM MU - Juin 2024 (For Check IC) is not in the specified folder. Skipping...
Sleeping for 10 seconds...
Fetching changes...
1 change(s) detected.
Detected change - File ID: 1eBlZ8oYjvKUJPhpawbh5zmskMoafJbbrlxuoAe_Z-v0, File Name: 2408_Export Spends August 2024, Parents: ['1Z7AWxZ_Yb6TY3wg_4SNrk1TYb2ZS-zYk']
File 2408_Export Spends August 2024 is not in the specified folder. Skipping...
Sleeping for 10 seconds...
Fetching changes...
No changes found.
Sleeping for 10 seconds...
Fetching changes...
No changes found.
Sleeping for 10 seconds...
Fetching changes...
No changes found.
Sleeping for 10 seconds...
Fetching changes...
No changes found.
Sleeping for 10 seconds...
Fetching changes...
No changes found.
Sleeping for 10 seconds...
Fetching changes...
No changes found.
Sleeping for 10 seconds...
Fetching changes...
No changes found.
Sleeping for 10 seconds...
Fetching changes...
No changes found.
Sleeping for 10 seconds...
Fetching changes...
No changes found.
Sleeping for 10 seconds...
Fetching changes...
1 change(s) detected.
Detected change - File ID: 1_6sJIW-Kq6it_TyLVX5AFUr4rXv7VXSWGAqGATRYiE4, File Name: 0. Skeelz | LinkedIn Copy, Parents: ['1J8zGcKaVjpqbmb-DxPq6oyqAPWJ2qPQS']
File 0. Skeelz | LinkedIn Copy is not in the specified folder. Skipping...
Sleeping for 10 seconds...
Fetching changes...
No changes found.
Sleeping for 10 seconds...
Fetching changes...
No changes found.
Sleeping for 10 seconds...
Fetching changes...
No changes found.
Sleeping for 10 seconds...
Fetching changes...
No changes found.
Sleeping for 10 seconds...
Fetching changes...
No changes found.
Sleeping for 10 seconds...
Fetching changes...
1 change(s) detected.
Detected change - File ID: 1ilKPcnxATWv35RlqWvAs-jx9wusXeW1edv0t3Avd25E, File Name: La méthode DISC, Parents: ['1u56aREkMZlq1zIOvn-RNdygCvFHtXM_-']
File La méthode DISC is not in the specified folder. Skipping...
Sleeping for 10 seconds...
Fetching changes...
1 change(s) detected.
Detected change - File ID: 1RC2He4LQHxN_0hIB0-66iQIb6YI5YolTrhTAu7pMuXo, File Name: Programmads France, Parents: ['1O7OmpisZYgCsEJ2IMtlat-_jIcRVh_zX']
File Programmads France is not in the specified folder. Skipping...
Sleeping for 10 seconds...
Fetching changes...
1 change(s) detected.
Detected change - File ID: 15rZgX-lOaO4z-HFDOXAvCS5eyAZQ-nicx1LaKCp3sXs, File Name: Payroll BE 2024, Parents: ['1FNq1ObJVhSlX-mielQtj399LrEo4hCIk']
File Payroll BE 2024 is not in the specified folder. Skipping...
Sleeping for 10 seconds...
Fetching changes...
1 change(s) detected.
Detected change - File ID: 1SsHIv0ok2Z1H_MjJ9BEWlJy2uK4G3UQCIHuRlt9sUjU, File Name: Data Balances agées, Parents: ['1O7OmpisZYgCsEJ2IMtlat-_jIcRVh_zX']
File Data Balances agées is not in the specified folder. Skipping...
Sleeping for 10 seconds...
Fetching changes...
No changes found.
Sleeping for 10 seconds...
Fetching changes...
No changes found.
Sleeping for 10 seconds...
Fetching changes...
No changes found.
Sleeping for 10 seconds...
Fetching changes...
No changes found.
Sleeping for 10 seconds...
Fetching changes...
No changes found.
Sleeping for 10 seconds...
Fetching changes...
1 change(s) detected.
Detected change - File ID: 1X7qPyWTnvS8LWmXGAe9NWREyp7K82L07, File Name: ETAIL DISTRIBUTION-DE-2024_M06.pdf, Parents: ['1UB5Td2cfOtHTF0-N_L5RIg7tGvRC8PYV']
File ETAIL DISTRIBUTION-DE-2024_M06.pdf is not in the specified folder. Skipping...
Sleeping for 10 seconds...
Fetching changes...
2 change(s) detected.
Detected change - File ID: 1u5NHcsCvtquhTegY5fad7Pg6Lilg2I_BMo1W6_eOMQ8, File Name: MKKM Revenue Forecast 2024, Parents: ['1FNq1ObJVhSlX-mielQtj399LrEo4hCIk']
File MKKM Revenue Forecast 2024 is not in the specified folder. Skipping...
Detected change - File ID: 1p3XJaKTeq8VOtfwcyuu_yrV43E1BonUdZWF-NzrykM0, File Name: Smartelia MU - GL au 300624 (2), Parents: ['15PSgFGPGPC0YU4FGHg6Vfz361QnTRgf7']
File Smartelia MU - GL au 300624 (2) is not in the specified folder. Skipping...
Sleeping for 10 seconds...
Fetching changes...
1 change(s) detected.
Detected change - File ID: 1_6sJIW-Kq6it_TyLVX5AFUr4rXv7VXSWGAqGATRYiE4, File Name: 0. Skeelz | LinkedIn Copy, Parents: ['1J8zGcKaVjpqbmb-DxPq6oyqAPWJ2qPQS']
File 0. Skeelz | LinkedIn Copy is not in the specified folder. Skipping...
Sleeping for 10 seconds...
Fetching changes...
No changes found.
Sleeping for 10 seconds...
Fetching changes...
No changes found.
Sleeping for 10 seconds...
Fetching changes...
No changes found.
Sleeping for 10 seconds...
Fetching changes...
No changes found.
Sleeping for 10 seconds...
Fetching changes...
No changes found.
Sleeping for 10 seconds...
Fetching changes...
1 change(s) detected.
Detected change - File ID: 1RC2He4LQHxN_0hIB0-66iQIb6YI5YolTrhTAu7pMuXo, File Name: Programmads France, Parents: ['1O7OmpisZYgCsEJ2IMtlat-_jIcRVh_zX']
File Programmads France is not in the specified folder. Skipping...
Sleeping for 10 seconds...
Fetching changes...
No changes found.
Sleeping for 10 seconds...
Fetching changes...
No changes found.
Sleeping for 10 seconds...
